<?xml version="1.0" encoding="UTF-8"?>
<!-- Generated by org.testng.reporters.JUnitReportReporter -->
<testsuite hostname="DESKTOP-HIFS0QK" name="TestNG.NewTest" tests="1" failures="0" timestamp="8 Sep 2018 20:51:29 GMT" time="5.667" errors="0">
  <testcase name="f" time="5.667" classname="TestNG.NewTest"/>
</testsuite> <!-- TestNG.NewTest -->
